<?xml version="1.0" encoding="UTF-8"?>
<testng-results skipped="0" failed="0" ignored="0" total="1" passed="1">
  <reporter-output>
  </reporter-output>
  <suite name="Command line suite" duration-ms="43" started-at="2017-10-04T14:24:06Z" finished-at="2017-10-04T14:24:06Z">
    <groups>
    </groups>
    <test name="Command line test" duration-ms="43" started-at="2017-10-04T14:24:06Z" finished-at="2017-10-04T14:24:06Z">
      <class name="com.wxk.cn.TestApi">
        <test-method status="PASS" signature="TestApi()[pri:0, instance:com.wxk.cn.TestApi@1209079]" name="TestApi" duration-ms="11" started-at="2017-10-04T22:24:06Z" finished-at="2017-10-04T22:24:06Z">
          <reporter-output>
          </reporter-output>
        </test-method> <!-- TestApi -->
      </class> <!-- com.wxk.cn.TestApi -->
    </test> <!-- Command line test -->
  </suite> <!-- Command line suite -->
</testng-results>
